
Gurobi 10.0.2 (linux64, C++) logging started Tue Jul 11 10:41:18 2023

Set parameter WLSAccessID
Set parameter WLSSecret
Set parameter LicenseID to value 2393681
Academic license - for non-commercial use only - registered to sjelic@grf.bg.ac.rs
Set parameter LogToConsole to value 0
Set parameter TimeLimit to value 600
Set parameter Threads to value 1
Set parameter LazyConstraints to value 1
Gurobi Optimizer version 10.0.2 build v10.0.2rc0 (linux64)

CPU model: Intel(R) Core(TM) i5-7300U CPU @ 2.60GHz, instruction set [SSE2|AVX|AVX2]
Thread count: 2 physical cores, 4 logical processors, using up to 1 threads

Academic license - for non-commercial use only - registered to sjelic@grf.bg.ac.rs
Optimize a model with 1111 rows, 610 columns and 3760 nonzeros
Model fingerprint: 0xd670384a
Variable types: 0 continuous, 610 integer (610 binary)
Coefficient statistics:
  Matrix range     [1e+00, 1e+00]
  Objective range  [1e+00, 1e+01]
  Bounds range     [1e+00, 1e+00]
  RHS range        [1e+00, 1e+00]

User MIP start did not produce a new incumbent solution
User MIP start violates constraint R10 by 401.000000000

Presolve time: 0.00s
Presolved: 1111 rows, 610 columns, 3760 nonzeros
Variable types: 0 continuous, 610 integer (610 binary)
Found heuristic solution: objective 74.0000000

Root relaxation: objective 3.700000e+01, 185 iterations, 0.01 seconds (0.00 work units)
Another try with MIP start

    Nodes    |    Current Node    |     Objective Bounds      |     Work
 Expl Unexpl |  Obj  Depth IntInf | Incumbent    BestBd   Gap | It/Node Time

     0     0   37.00000    0    4   74.00000   37.00000  50.0%     -    0s
H    0     0                      44.0000000   37.00000  15.9%     -    0s
H    0     0                      39.0000000   37.00000  5.13%     -    0s
     0     0     cutoff    0        39.00000   39.00000  0.00%     -    0s

Cutting planes:
  Gomory: 1
  Zero half: 1
  RLT: 1
  Lazy constraints: 3

Explored 1 nodes (189 simplex iterations) in 0.04 seconds (0.01 work units)
Thread count was 1 (of 4 available processors)

Solution count 3: 39 44 74 

Optimal solution found (tolerance 1.00e-04)
Best objective 3.900000000000e+01, best bound 3.900000000000e+01, gap 0.0000%

User-callback calls 130, time in user-callback 0.01 sec

Gurobi 10.0.2 (linux64, C++) logging started Sat Mar 23 13:02:43 2024

