
Gurobi 10.0.2 (linux64, C++) logging started Tue Jul 11 10:41:19 2023

Set parameter WLSAccessID
Set parameter WLSSecret
Set parameter LicenseID to value 2393681
Academic license - for non-commercial use only - registered to sjelic@grf.bg.ac.rs
Set parameter LogToConsole to value 0
Set parameter TimeLimit to value 600
Set parameter Threads to value 1
Set parameter LazyConstraints to value 1
Gurobi Optimizer version 10.0.2 build v10.0.2rc0 (linux64)

CPU model: Intel(R) Core(TM) i5-7300U CPU @ 2.60GHz, instruction set [SSE2|AVX|AVX2]
Thread count: 2 physical cores, 4 logical processors, using up to 1 threads

Academic license - for non-commercial use only - registered to sjelic@grf.bg.ac.rs
Optimize a model with 74 rows, 43 columns and 236 nonzeros
Model fingerprint: 0x3e69206c
Variable types: 0 continuous, 43 integer (43 binary)
Coefficient statistics:
  Matrix range     [1e+00, 1e+00]
  Objective range  [1e+00, 1e+01]
  Bounds range     [1e+00, 1e+00]
  RHS range        [1e+00, 1e+00]

User MIP start did not produce a new incumbent solution
User MIP start violates constraint R3 by 21.000000000

Found heuristic solution: objective 57.0000000
Presolve time: 0.00s
Presolved: 74 rows, 43 columns, 236 nonzeros
Variable types: 0 continuous, 43 integer (43 binary)
Found heuristic solution: objective 35.0000000

Root relaxation: objective 2.200000e+01, 10 iterations, 0.00 seconds (0.00 work units)

    Nodes    |    Current Node    |     Objective Bounds      |     Work
 Expl Unexpl |  Obj  Depth IntInf | Incumbent    BestBd   Gap | It/Node Time

*    0     0               0      22.0000000   22.00000  0.00%     -    0s

Explored 1 nodes (10 simplex iterations) in 0.01 seconds (0.00 work units)
Thread count was 1 (of 4 available processors)

Solution count 3: 22 35 57 

Optimal solution found (tolerance 1.00e-04)
Best objective 2.200000000000e+01, best bound 2.200000000000e+01, gap 0.0000%

User-callback calls 111, time in user-callback 0.00 sec
