
Gurobi 10.0.2 (linux64, C++) logging started Tue Jul 11 10:41:19 2023

Set parameter WLSAccessID
Set parameter WLSSecret
Set parameter LicenseID to value 2393681
Academic license - for non-commercial use only - registered to sjelic@grf.bg.ac.rs
Set parameter LogToConsole to value 0
Set parameter TimeLimit to value 600
Set parameter Threads to value 1
Set parameter LazyConstraints to value 1
Gurobi Optimizer version 10.0.2 build v10.0.2rc0 (linux64)

CPU model: Intel(R) Core(TM) i5-7300U CPU @ 2.60GHz, instruction set [SSE2|AVX|AVX2]
Thread count: 2 physical cores, 4 logical processors, using up to 1 threads

Academic license - for non-commercial use only - registered to sjelic@grf.bg.ac.rs
Optimize a model with 4221 rows, 2220 columns and 14540 nonzeros
Model fingerprint: 0xa6dd5ae3
Variable types: 0 continuous, 2220 integer (2220 binary)
Coefficient statistics:
  Matrix range     [1e+00, 1e+00]
  Objective range  [1e+00, 1e+01]
  Bounds range     [1e+00, 1e+00]
  RHS range        [1e+00, 1e+00]

User MIP start did not produce a new incumbent solution
User MIP start violates constraint R20 by 1801.000000000

Presolve time: 0.02s
Presolved: 4221 rows, 2220 columns, 14540 nonzeros
Variable types: 0 continuous, 2220 integer (2220 binary)
Found heuristic solution: objective 123.0000000

Root relaxation: objective 6.100000e+01, 1345 iterations, 0.09 seconds (0.07 work units)
Another try with MIP start

    Nodes    |    Current Node    |     Objective Bounds      |     Work
 Expl Unexpl |  Obj  Depth IntInf | Incumbent    BestBd   Gap | It/Node Time

     0     0   61.00000    0   67  123.00000   61.00000  50.4%     -    0s
H    0     0                      67.0000000   61.00000  8.96%     -    0s
     0     0   62.15625    0   63   67.00000   62.15625  7.23%     -    0s
     0     0   62.15625    0   84   67.00000   62.15625  7.23%     -    0s
     0     0   62.15625    0   52   67.00000   62.15625  7.23%     -    0s
H    0     0                      65.0000000   62.15625  4.38%     -    0s
     0     0   62.48503    0   95   65.00000   62.48503  3.87%     -    0s
     0     0   62.48503    0   50   65.00000   62.48503  3.87%     -    0s
     0     0   62.57143    0   46   65.00000   62.57143  3.74%     -    0s
     0     0   62.70000    0   43   65.00000   62.70000  3.54%     -    0s
     0     0   63.00000    0   18   65.00000   63.00000  3.08%     -    0s
H    0     0                      63.0000000   63.00000  0.00%     -    0s
     0     0   63.00000    0   18   63.00000   63.00000  0.00%     -    0s

Explored 1 nodes (2891 simplex iterations) in 0.47 seconds (0.27 work units)
Thread count was 1 (of 4 available processors)

Solution count 4: 63 65 67 123 

Optimal solution found (tolerance 1.00e-04)
Best objective 6.300000000000e+01, best bound 6.300000000000e+01, gap 0.0000%

User-callback calls 296, time in user-callback 0.01 sec
