
Gurobi 10.0.2 (linux64, C++) logging started Tue Jul 11 10:41:21 2023

Set parameter WLSAccessID
Set parameter WLSSecret
Set parameter LicenseID to value 2393681
Academic license - for non-commercial use only - registered to sjelic@grf.bg.ac.rs
Set parameter LogToConsole to value 0
Set parameter TimeLimit to value 600
Set parameter Threads to value 1
Set parameter LazyConstraints to value 1
Gurobi Optimizer version 10.0.2 build v10.0.2rc0 (linux64)

CPU model: Intel(R) Core(TM) i5-7300U CPU @ 2.60GHz, instruction set [SSE2|AVX|AVX2]
Thread count: 2 physical cores, 4 logical processors, using up to 1 threads

Academic license - for non-commercial use only - registered to sjelic@grf.bg.ac.rs
Optimize a model with 2221 rows, 1220 columns and 7580 nonzeros
Model fingerprint: 0x49b8dbb7
Variable types: 0 continuous, 1220 integer (1220 binary)
Coefficient statistics:
  Matrix range     [1e+00, 1e+00]
  Objective range  [1e+00, 1e+01]
  Bounds range     [1e+00, 1e+00]
  RHS range        [1e+00, 1e+00]

User MIP start did not produce a new incumbent solution
User MIP start violates constraint R20 by 801.000000000

Presolve time: 0.01s
Presolved: 2221 rows, 1220 columns, 7580 nonzeros
Variable types: 0 continuous, 1220 integer (1220 binary)
Found heuristic solution: objective 88.0000000

Root relaxation: objective 4.366667e+01, 661 iterations, 0.03 seconds (0.02 work units)
Another try with MIP start

    Nodes    |    Current Node    |     Objective Bounds      |     Work
 Expl Unexpl |  Obj  Depth IntInf | Incumbent    BestBd   Gap | It/Node Time

     0     0   43.66667    0   51   88.00000   43.66667  50.4%     -    0s
H    0     0                      55.0000000   43.66667  20.6%     -    0s
     0     0   47.55814    0  178   55.00000   47.55814  13.5%     -    0s
     0     0   47.55814    0   52   55.00000   47.55814  13.5%     -    0s
     0     0   47.55814    0  182   55.00000   47.55814  13.5%     -    0s
     0     0   47.60784    0  179   55.00000   47.60784  13.4%     -    0s
     0     0   48.15663    0  246   55.00000   48.15663  12.4%     -    0s
     0     0   48.20526    0  194   55.00000   48.20526  12.4%     -    0s
H    0     0                      51.0000000   48.20526  5.48%     -    0s
     0     0   48.24383    0  230   51.00000   48.24383  5.40%     -    0s
     0     0   48.25000    0  218   51.00000   48.25000  5.39%     -    0s
     0     0   48.25304    0  226   51.00000   48.25304  5.39%     -    0s
     0     0   48.25304    0   36   51.00000   48.25304  5.39%     -    0s
     0     0   48.33333    0   22   51.00000   48.33333  5.23%     -    0s
     0     0   48.44444    0   40   51.00000   48.44444  5.01%     -    0s
     0     0   48.61538    0   36   51.00000   48.61538  4.68%     -    0s
     0     0   48.92000    0   41   51.00000   48.92000  4.08%     -    0s
     0     0   48.92000    0   20   51.00000   48.92000  4.08%     -    0s
     0     0   48.92000    0    7   51.00000   48.92000  4.08%     -    0s
     0     0   49.00000    0    -   51.00000   49.00000  3.92%     -    0s
     0     0   49.50000    0    8   51.00000   49.50000  2.94%     -    0s
H    0     0                      50.0000000   49.50000  1.00%     -    0s

Cutting planes:
  Gomory: 1
  Clique: 3
  Zero half: 1
  Lazy constraints: 2

Explored 1 nodes (2345 simplex iterations) in 0.58 seconds (0.28 work units)
Thread count was 1 (of 4 available processors)

Solution count 4: 50 51 55 88 

Optimal solution found (tolerance 1.00e-04)
Best objective 5.000000000000e+01, best bound 5.000000000000e+01, gap 0.0000%

User-callback calls 346, time in user-callback 0.01 sec
