
Gurobi 10.0.2 (linux64, C++) logging started Tue Jul 11 10:41:20 2023

Set parameter WLSAccessID
Set parameter WLSSecret
Set parameter LicenseID to value 2393681
Academic license - for non-commercial use only - registered to sjelic@grf.bg.ac.rs
Set parameter LogToConsole to value 0
Set parameter TimeLimit to value 600
Set parameter Threads to value 1
Set parameter LazyConstraints to value 1
Gurobi Optimizer version 10.0.2 build v10.0.2rc0 (linux64)

CPU model: Intel(R) Core(TM) i5-7300U CPU @ 2.60GHz, instruction set [SSE2|AVX|AVX2]
Thread count: 2 physical cores, 4 logical processors, using up to 1 threads

Academic license - for non-commercial use only - registered to sjelic@grf.bg.ac.rs
Optimize a model with 8221 rows, 4220 columns and 28520 nonzeros
Model fingerprint: 0xed3f4945
Variable types: 0 continuous, 4220 integer (4220 binary)
Coefficient statistics:
  Matrix range     [1e+00, 1e+00]
  Objective range  [1e+00, 1e+01]
  Bounds range     [1e+00, 1e+00]
  RHS range        [1e+00, 1e+00]

User MIP start did not produce a new incumbent solution
User MIP start violates constraint R20 by 3801.000000000

Presolve time: 0.05s
Presolved: 8221 rows, 4220 columns, 28520 nonzeros
Variable types: 0 continuous, 4220 integer (4220 binary)
Found heuristic solution: objective 115.0000000

Root relaxation: objective 5.166667e+01, 1146 iterations, 0.10 seconds (0.07 work units)
Another try with MIP start

    Nodes    |    Current Node    |     Objective Bounds      |     Work
 Expl Unexpl |  Obj  Depth IntInf | Incumbent    BestBd   Gap | It/Node Time

     0     0   51.66667    0   13  115.00000   51.66667  55.1%     -    0s
H    0     0                      59.0000000   51.66667  12.4%     -    0s
H    0     0                      58.0000000   51.66667  10.9%     -    0s
     0     0   53.10638    0  124   58.00000   53.10638  8.44%     -    0s
     0     0   53.10870    0  117   58.00000   53.10870  8.43%     -    0s
H    0     0                      55.0000000   53.10870  3.44%     -    0s
     0     0     cutoff    0        55.00000   55.00000  0.00%     -    0s

Cutting planes:
  Gomory: 1
  MIR: 1
  Zero half: 1
  RLT: 7

Explored 1 nodes (2779 simplex iterations) in 0.84 seconds (0.45 work units)
Thread count was 1 (of 4 available processors)

Solution count 4: 55 58 59 115 

Optimal solution found (tolerance 1.00e-04)
Best objective 5.500000000000e+01, best bound 5.500000000000e+01, gap 0.0000%

User-callback calls 410, time in user-callback 0.02 sec
